<?xml version="1.0" encoding="UTF-8"?>
<!-- Generated by org.testng.reporters.JUnitReportReporter -->
<testsuite hostname="user-PC" name="zSleLearningCodes.ScrollTestCase" tests="1" failures="0" timestamp="24 Feb 2017 08:47:12 GMT" time="46.168" errors="0">
  <testcase name="scrollTest" time="46.168" classname="zSleLearningCodes.ScrollTestCase"/>
</testsuite> <!-- zSleLearningCodes.ScrollTestCase -->
