<?xml version="1.0" encoding="UTF-8"?>
<!-- Generated by org.testng.reporters.JUnitReportReporter -->
<testsuite hostname="user-PC" name="testCases.AddEmpAction" tests="1" failures="0" timestamp="9 Jan 2017 06:31:46 GMT" time="57.905" errors="0">
  <testcase name="addEmployee" time="57.905" classname="testCases.AddEmpAction"/>
</testsuite> <!-- testCases.AddEmpAction -->
