<?xml version="1.0" encoding="UTF-8"?>
<!-- Generated by org.testng.reporters.JUnitReportReporter -->
<testsuite hostname="user-PC" name="testCases.Flipkart_KartItems" tests="1" failures="0" timestamp="20 Feb 2017 16:39:56 GMT" time="25.431" errors="0">
  <testcase name="kartItems" time="25.431" classname="testCases.Flipkart_KartItems"/>
</testsuite> <!-- testCases.Flipkart_KartItems -->
