<?xml version="1.0" encoding="UTF-8"?>
<!-- Generated by org.testng.reporters.JUnitReportReporter -->
<testsuite hostname="user-PC" name="testCases.EmpProfile_Photo_TC" tests="1" failures="0" timestamp="10 Jan 2017 16:23:53 GMT" time="33.316" errors="0">
  <testcase name="addPhoto" time="33.316" classname="testCases.EmpProfile_Photo_TC"/>
</testsuite> <!-- testCases.EmpProfile_Photo_TC -->
