<?xml version="1.0" encoding="UTF-8"?>
<!-- Generated by org.testng.reporters.JUnitReportReporter -->
<testsuite hostname="user-PC" name="testCases.WithoutUserName" tests="1" failures="0" timestamp="22 Feb 2017 10:39:29 GMT" time="21.425" errors="0">
  <testcase name="login" time="21.425" classname="testCases.WithoutUserName"/>
</testsuite> <!-- testCases.WithoutUserName -->
