<?xml version="1.0" encoding="UTF-8"?>
<!-- Generated by org.testng.reporters.JUnitReportReporter -->
<testsuite hostname="user-PC" name="testCases.Invalid_LI_TC01" tests="3" failures="1" timestamp="20 Feb 2017 12:52:35 GMT" time="20.957" errors="0">
  <testcase name="invalidLogin" time="10.562" classname="testCases.Invalid_LI_TC01"/>
  <testcase name="invalidLogin" time="10.310" classname="testCases.Invalid_LI_TC01"/>
  <testcase name="invalidUser" time="0.085" classname="testCases.Invalid_LI_TC01">
    <failure type="org.testng.TestNGException" message="
The data provider is trying to pass 2 parameters but the method testCases.Invalid_LI_TC01#invalidUser takes 1">
      <![CDATA[org.testng.TestNGException: 
The data provider is trying to pass 2 parameters but the method testCases.Invalid_LI_TC01#invalidUser takes 1
	at org.testng.internal.Invoker.injectParameters(Invoker.java:1337)
	at org.testng.internal.Invoker.invokeTestMethods(Invoker.java:1225)
	at org.testng.internal.TestMethodWorker.invokeTestMethods(TestMethodWorker.java:127)
	at org.testng.internal.TestMethodWorker.run(TestMethodWorker.java:111)
	at org.testng.TestRunner.privateRun(TestRunner.java:767)
	at org.testng.TestRunner.run(TestRunner.java:617)
	at org.testng.SuiteRunner.runTest(SuiteRunner.java:334)
	at org.testng.SuiteRunner.runSequentially(SuiteRunner.java:329)
	at org.testng.SuiteRunner.privateRun(SuiteRunner.java:291)
	at org.testng.SuiteRunner.run(SuiteRunner.java:240)
	at org.testng.SuiteRunnerWorker.runSuite(SuiteRunnerWorker.java:52)
	at org.testng.SuiteRunnerWorker.run(SuiteRunnerWorker.java:86)
	at org.testng.TestNG.runSuitesSequentially(TestNG.java:1198)
	at org.testng.TestNG.runSuitesLocally(TestNG.java:1123)
	at org.testng.TestNG.run(TestNG.java:1031)
	at org.testng.remote.AbstractRemoteTestNG.run(AbstractRemoteTestNG.java:132)
	at org.testng.remote.RemoteTestNG.initAndRun(RemoteTestNG.java:236)
	at org.testng.remote.RemoteTestNG.main(RemoteTestNG.java:81)
]]>
    </failure>
  </testcase> <!-- invalidUser -->
</testsuite> <!-- testCases.Invalid_LI_TC01 -->
