<?xml version="1.0" encoding="UTF-8"?>
<!-- Generated by org.testng.reporters.JUnitReportReporter -->
<testsuite hostname="user-PC" name="testCases.LI_TC01" tests="2" failures="0" timestamp="16 Feb 2017 11:08:35 GMT" time="49.211" errors="0">
  <testcase name="login" time="26.942" classname="testCases.LI_TC01"/>
  <testcase name="login" time="22.269" classname="testCases.LI_TC01"/>
</testsuite> <!-- testCases.LI_TC01 -->
