<?xml version="1.0" encoding="UTF-8"?>
<!-- Generated by org.testng.reporters.JUnitReportReporter -->
<testsuite hostname="user-PC" name="testCases.VeryfyLogin" tests="1" failures="0" timestamp="5 Dec 2016 07:38:55 GMT" time="17.307" errors="0">
  <testcase name="verifyValidLogin" time="17.307" classname="testCases.VeryfyLogin"/>
</testsuite> <!-- testCases.VeryfyLogin -->
