<?xml version="1.0" encoding="UTF-8"?>
<!-- Generated by org.testng.reporters.JUnitReportReporter -->
<testsuite hostname="user-PC" name="zSleLearningCodes.ecplicitWait" tests="1" failures="0" timestamp="28 Feb 2017 08:42:03 GMT" time="13.712" errors="0">
  <testcase name="explicitwait" time="13.712" classname="zSleLearningCodes.ecplicitWait"/>
</testsuite> <!-- zSleLearningCodes.ecplicitWait -->
