<?xml version="1.0" encoding="UTF-8"?>
<!-- Generated by org.testng.reporters.JUnitReportReporter -->
<testsuite hostname="user-PC" name="testCases.DemoMaven" tests="1" failures="0" timestamp="5 Dec 2016 07:38:55 GMT" time="0.003" errors="0">
  <testcase name="testHello" time="0.003" classname="testCases.DemoMaven"/>
</testsuite> <!-- testCases.DemoMaven -->
