<?xml version="1.0" encoding="UTF-8"?>
<!-- Generated by org.testng.reporters.JUnitReportReporter -->
<testsuite hostname="user-PC" name="testCases.Demo" tests="1" failures="0" timestamp="5 Dec 2016 07:38:55 GMT" time="11.409" errors="0">
  <testcase name="test" time="11.409" classname="testCases.Demo"/>
</testsuite> <!-- testCases.Demo -->
