<?xml version="1.0" encoding="UTF-8"?>
<!-- Generated by org.testng.reporters.JUnitReportReporter -->
<testsuite hostname="user-PC" name="testCases.Login" tests="1" failures="0" timestamp="5 Dec 2016 07:38:55 GMT" time="27.577" errors="0">
  <testcase name="verifyValidLogin" time="27.577" classname="testCases.Login"/>
</testsuite> <!-- testCases.Login -->
